<?xml version="1.0" encoding="UTF-8"?>
<testsuite xmlns:xsi="http://www.w3.org/2001/XMLSchema-instance" xsi:noNamespaceSchemaLocation="https://maven.apache.org/surefire/maven-surefire-plugin/xsd/surefire-test-report.xsd" name="com.test.spring.Jenkins.configuration.CalculatorTest" time="2.264" tests="5" errors="0" skipped="0" failures="0">
  <properties>
[...]
</properties>
  <testcase name="sum" classname="com.test.spring.Jenkins.configuration.CalculatorTest" time="0.377"/>
  <testcase name="sous" classname="com.test.spring.Jenkins.configuration.CalculatorTest" time="0.003"/>
  <testcase name="multiple" classname="com.test.spring.Jenkins.configuration.CalculatorTest" time="0.002"/>
  <testcase name="sumTwoVar" classname="com.test.spring.Jenkins.configuration.CalculatorTest" time="0.002"/>
  <testcase name="divison" classname="com.test.spring.Jenkins.configuration.CalculatorTest" time="0.003"/>
</testsuite>